<?xml version="1.0" encoding="UTF-8"?>
<testsuites name="jest tests" tests="4" failures="0" errors="0" time="45.865">
  <testsuite name="GET /api/getCategories" errors="0" failures="0" skipped="0" timestamp="2023-02-07T06:32:21" time="1.242" tests="1">
    <testcase classname="GET /api/getCategories When api call is made should return all categories in json format with status code 200" name="GET /api/getCategories When api call is made should return all categories in json format with status code 200" time="0.095">
    </testcase>
  </testsuite>
  <testsuite name="GET /api/getItem" errors="0" failures="0" skipped="0" timestamp="2023-02-07T06:32:22" time="22.1" tests="1">
    <testcase classname="GET /api/getItem given the schema for item with specific key value pairs should return all items in the database and respond with a status code 200" name="GET /api/getItem given the schema for item with specific key value pairs should return all items in the database and respond with a status code 200" time="0.328">
    </testcase>
  </testsuite>
  <testsuite name="GET /api/getRatings" errors="0" failures="0" skipped="0" timestamp="2023-02-07T06:32:45" time="22.388" tests="2">
    <testcase classname="GET /api/getRatings given user id as input should return all ratings of that user id with status code 200" name="GET /api/getRatings given user id as input should return all ratings of that user id with status code 200" time="0.345">
    </testcase>
  </testsuite>
  <testsuite name="GET /api/getItem" errors="0" failures="0" skipped="0" timestamp="2023-02-07T06:32:22" time="22.1" tests="1">
    <testcase classname="GET /api/getItem given the schema for item with specific key value pairs should return all items in the database and respond with a status code 200" name="GET /api/getItem given the schema for item with specific key value pairs should return all items in the database and respond with a status code 200" time="0.328">
    </testcase>
  </testsuite>
</testsuites>